<?xml version="1.0" encoding="UTF-8"?>
<coverage generated="1615820894537" clover="3.2.0">
  <project timestamp="1615820894537" name="All files">
    <metrics statements="27" coveredstatements="27" conditionals="12" coveredconditionals="11" methods="5" coveredmethods="5" elements="44" coveredelements="43" complexity="0" loc="27" ncloc="27" packages="1" files="2" classes="2"/>
    <file name="api.js" path="D:\Documentos\Laboratoria\Bootcamp\LIM014-mdlinks\src\api.js">
      <metrics statements="19" coveredstatements="19" conditionals="10" coveredconditionals="10" methods="4" coveredmethods="4"/>
      <line num="1" count="1" type="stmt"/>
      <line num="2" count="1" type="stmt"/>
      <line num="5" count="3" type="cond" truecount="2" falsecount="0"/>
      <line num="6" count="3" type="stmt"/>
      <line num="9" count="1" type="stmt"/>
      <line num="10" count="1" type="stmt"/>
      <line num="11" count="609" type="stmt"/>
      <line num="12" count="609" type="stmt"/>
      <line num="13" count="609" type="stmt"/>
      <line num="15" count="609" type="cond" truecount="4" falsecount="0"/>
      <line num="16" count="231" type="stmt"/>
      <line num="17" count="231" type="cond" truecount="2" falsecount="0"/>
      <line num="18" count="225" type="stmt"/>
      <line num="19" count="606" type="stmt"/>
      <line num="20" count="606" type="stmt"/>
      <line num="23" count="378" type="cond" truecount="2" falsecount="0"/>
      <line num="24" count="3" type="stmt"/>
      <line num="26" count="609" type="stmt"/>
      <line num="29" count="1" type="stmt"/>
    </file>
    <file name="index.js" path="D:\Documentos\Laboratoria\Bootcamp\LIM014-mdlinks\src\index.js">
      <metrics statements="8" coveredstatements="8" conditionals="2" coveredconditionals="1" methods="1" coveredmethods="1"/>
      <line num="1" count="1" type="stmt"/>
      <line num="4" count="1" type="stmt"/>
      <line num="5" count="3" type="stmt"/>
      <line num="6" count="3" type="stmt"/>
      <line num="8" count="3" type="cond" truecount="1" falsecount="1"/>
      <line num="9" count="3" type="stmt"/>
      <line num="13" count="1" type="stmt"/>
      <line num="15" count="1" type="stmt"/>
    </file>
  </project>
</coverage>
