{"D:\\Documentos\\Laboratoria\\Bootcamp\\LIM014-mdlinks\\src\\api.js": {"path":"D:\\Documentos\\Laboratoria\\Bootcamp\\LIM014-mdlinks\\src\\api.js","statementMap":{"0":{"start":{"line":1,"column":13},"end":{"line":1,"column":28}},"1":{"start":{"line":2,"column":11},"end":{"line":2,"column":24}},"2":{"start":{"line":4,"column":14},"end":{"line":4,"column":35}},"3":{"start":{"line":7,"column":21},"end":{"line":7,"column":86}},"4":{"start":{"line":7,"column":33},"end":{"line":7,"column":85}},"5":{"start":{"line":8,"column":18},"end":{"line":8,"column":49}},"6":{"start":{"line":8,"column":29},"end":{"line":8,"column":49}},"7":{"start":{"line":11,"column":19},"end":{"line":27,"column":1}},"8":{"start":{"line":12,"column":18},"end":{"line":12,"column":20}},"9":{"start":{"line":13,"column":19},"end":{"line":13,"column":37}},"10":{"start":{"line":15,"column":2},"end":{"line":25,"column":3}},"11":{"start":{"line":16,"column":20},"end":{"line":16,"column":41}},"12":{"start":{"line":17,"column":4},"end":{"line":22,"column":5}},"13":{"start":{"line":18,"column":6},"end":{"line":21,"column":13}},"14":{"start":{"line":19,"column":27},"end":{"line":19,"column":49}},"15":{"start":{"line":20,"column":8},"end":{"line":20,"column":50}},"16":{"start":{"line":23,"column":9},"end":{"line":25,"column":3}},"17":{"start":{"line":24,"column":4},"end":{"line":24,"column":24}},"18":{"start":{"line":26,"column":2},"end":{"line":26,"column":17}},"19":{"start":{"line":31,"column":13},"end":{"line":31,"column":79}},"20":{"start":{"line":32,"column":17},"end":{"line":32,"column":65}},"21":{"start":{"line":33,"column":17},"end":{"line":33,"column":38}},"22":{"start":{"line":36,"column":19},"end":{"line":55,"column":1}},"23":{"start":{"line":37,"column":19},"end":{"line":37,"column":21}},"24":{"start":{"line":38,"column":2},"end":{"line":53,"column":5}},"25":{"start":{"line":39,"column":21},"end":{"line":39,"column":53}},"26":{"start":{"line":40,"column":18},"end":{"line":40,"column":38}},"27":{"start":{"line":41,"column":4},"end":{"line":52,"column":5}},"28":{"start":{"line":42,"column":6},"end":{"line":51,"column":9}},"29":{"start":{"line":43,"column":23},"end":{"line":43,"column":63}},"30":{"start":{"line":44,"column":23},"end":{"line":44,"column":63}},"31":{"start":{"line":45,"column":25},"end":{"line":49,"column":9}},"32":{"start":{"line":50,"column":8},"end":{"line":50,"column":39}},"33":{"start":{"line":54,"column":2},"end":{"line":54,"column":18}},"34":{"start":{"line":57,"column":18},"end":{"line":77,"column":4}},"35":{"start":{"line":57,"column":27},"end":{"line":77,"column":4}},"36":{"start":{"line":59,"column":21},"end":{"line":59,"column":31}},"37":{"start":{"line":60,"column":22},"end":{"line":60,"column":66}},"38":{"start":{"line":61,"column":19},"end":{"line":65,"column":5}},"39":{"start":{"line":66,"column":4},"end":{"line":66,"column":18}},"40":{"start":{"line":69,"column":21},"end":{"line":69,"column":32}},"41":{"start":{"line":70,"column":22},"end":{"line":70,"column":28}},"42":{"start":{"line":71,"column":19},"end":{"line":75,"column":5}},"43":{"start":{"line":76,"column":4},"end":{"line":76,"column":18}},"44":{"start":{"line":79,"column":0},"end":{"line":85,"column":2}}},"fnMap":{"0":{"name":"(anonymous_0)","decl":{"start":{"line":7,"column":21},"end":{"line":7,"column":22}},"loc":{"start":{"line":7,"column":33},"end":{"line":7,"column":85}},"line":7},"1":{"name":"(anonymous_1)","decl":{"start":{"line":8,"column":18},"end":{"line":8,"column":19}},"loc":{"start":{"line":8,"column":29},"end":{"line":8,"column":49}},"line":8},"2":{"name":"(anonymous_2)","decl":{"start":{"line":11,"column":19},"end":{"line":11,"column":20}},"loc":{"start":{"line":11,"column":30},"end":{"line":27,"column":1}},"line":11},"3":{"name":"(anonymous_3)","decl":{"start":{"line":18,"column":28},"end":{"line":18,"column":29}},"loc":{"start":{"line":18,"column":43},"end":{"line":21,"column":7}},"line":18},"4":{"name":"(anonymous_4)","decl":{"start":{"line":36,"column":19},"end":{"line":36,"column":20}},"loc":{"start":{"line":36,"column":30},"end":{"line":55,"column":1}},"line":36},"5":{"name":"(anonymous_5)","decl":{"start":{"line":38,"column":16},"end":{"line":38,"column":17}},"loc":{"start":{"line":38,"column":28},"end":{"line":53,"column":3}},"line":38},"6":{"name":"(anonymous_6)","decl":{"start":{"line":42,"column":20},"end":{"line":42,"column":21}},"loc":{"start":{"line":42,"column":30},"end":{"line":51,"column":7}},"line":42},"7":{"name":"(anonymous_7)","decl":{"start":{"line":57,"column":18},"end":{"line":57,"column":19}},"loc":{"start":{"line":57,"column":27},"end":{"line":77,"column":4}},"line":57},"8":{"name":"(anonymous_8)","decl":{"start":{"line":58,"column":8},"end":{"line":58,"column":9}},"loc":{"start":{"line":58,"column":17},"end":{"line":67,"column":3}},"line":58},"9":{"name":"(anonymous_9)","decl":{"start":{"line":68,"column":9},"end":{"line":68,"column":10}},"loc":{"start":{"line":68,"column":15},"end":{"line":77,"column":3}},"line":68}},"branchMap":{"0":{"loc":{"start":{"line":7,"column":33},"end":{"line":7,"column":85}},"type":"cond-expr","locations":[{"start":{"line":7,"column":58},"end":{"line":7,"column":63}},{"start":{"line":7,"column":66},"end":{"line":7,"column":85}}],"line":7},"1":{"loc":{"start":{"line":15,"column":2},"end":{"line":25,"column":3}},"type":"if","locations":[{"start":{"line":15,"column":2},"end":{"line":25,"column":3}},{"start":{"line":15,"column":2},"end":{"line":25,"column":3}}],"line":15},"2":{"loc":{"start":{"line":17,"column":4},"end":{"line":22,"column":5}},"type":"if","locations":[{"start":{"line":17,"column":4},"end":{"line":22,"column":5}},{"start":{"line":17,"column":4},"end":{"line":22,"column":5}}],"line":17},"3":{"loc":{"start":{"line":23,"column":9},"end":{"line":25,"column":3}},"type":"if","locations":[{"start":{"line":23,"column":9},"end":{"line":25,"column":3}},{"start":{"line":23,"column":9},"end":{"line":25,"column":3}}],"line":23},"4":{"loc":{"start":{"line":41,"column":4},"end":{"line":52,"column":5}},"type":"if","locations":[{"start":{"line":41,"column":4},"end":{"line":52,"column":5}},{"start":{"line":41,"column":4},"end":{"line":52,"column":5}}],"line":41},"5":{"loc":{"start":{"line":60,"column":22},"end":{"line":60,"column":66}},"type":"cond-expr","locations":[{"start":{"line":60,"column":43},"end":{"line":60,"column":49}},{"start":{"line":60,"column":52},"end":{"line":60,"column":66}}],"line":60}},"s":{"0":3,"1":3,"2":3,"3":3,"4":7,"5":3,"6":6,"7":3,"8":39721,"9":39721,"10":39721,"11":5627,"12":5627,"13":5621,"14":39716,"15":39716,"16":34094,"17":3002,"18":34100,"19":3,"20":3,"21":3,"22":3,"23":5,"24":5,"25":2004,"26":2004,"27":2004,"28":1404,"29":10595,"30":10595,"31":10595,"32":10595,"33":5,"34":3,"35":8,"36":2,"37":2,"38":2,"39":2,"40":1,"41":1,"42":1,"43":1,"44":3},"f":{"0":7,"1":6,"2":39721,"3":39716,"4":5,"5":2004,"6":10595,"7":8,"8":2,"9":1},"b":{"0":[1,6],"1":[5627,34094],"2":[5621,6],"3":[3002,31092],"4":[1404,600],"5":[1,1]},"_coverageSchema":"1a1c01bbd47fc00a2c39e90264f33305004495a9","hash":"5cb7a5cd95620c231d3486d92f48074203540c97"}
,"D:\\Documentos\\Laboratoria\\Bootcamp\\LIM014-mdlinks\\src\\index.js": {"path":"D:\\Documentos\\Laboratoria\\Bootcamp\\LIM014-mdlinks\\src\\index.js","statementMap":{"0":{"start":{"line":1,"column":12},"end":{"line":1,"column":28}},"1":{"start":{"line":3,"column":16},"end":{"line":28,"column":1}},"2":{"start":{"line":4,"column":18},"end":{"line":4,"column":40}},"3":{"start":{"line":5,"column":22},"end":{"line":5,"column":44}},"4":{"start":{"line":7,"column":18},"end":{"line":26,"column":4}},"5":{"start":{"line":8,"column":4},"end":{"line":25,"column":5}},"6":{"start":{"line":10,"column":6},"end":{"line":10,"column":61}},"7":{"start":{"line":12,"column":23},"end":{"line":12,"column":46}},"8":{"start":{"line":13,"column":23},"end":{"line":13,"column":47}},"9":{"start":{"line":14,"column":6},"end":{"line":24,"column":7}},"10":{"start":{"line":15,"column":32},"end":{"line":18,"column":10}},"11":{"start":{"line":16,"column":29},"end":{"line":16,"column":47}},"12":{"start":{"line":17,"column":10},"end":{"line":17,"column":28}},"13":{"start":{"line":19,"column":8},"end":{"line":21,"column":11}},"14":{"start":{"line":20,"column":10},"end":{"line":20,"column":30}},"15":{"start":{"line":23,"column":8},"end":{"line":23,"column":26}},"16":{"start":{"line":27,"column":2},"end":{"line":27,"column":17}},"17":{"start":{"line":30,"column":0},"end":{"line":32,"column":36}},"18":{"start":{"line":31,"column":20},"end":{"line":31,"column":39}},"19":{"start":{"line":32,"column":18},"end":{"line":32,"column":34}},"20":{"start":{"line":34,"column":0},"end":{"line":34,"column":25}}},"fnMap":{"0":{"name":"(anonymous_0)","decl":{"start":{"line":3,"column":16},"end":{"line":3,"column":17}},"loc":{"start":{"line":3,"column":34},"end":{"line":28,"column":1}},"line":3},"1":{"name":"(anonymous_1)","decl":{"start":{"line":7,"column":30},"end":{"line":7,"column":31}},"loc":{"start":{"line":7,"column":51},"end":{"line":26,"column":3}},"line":7},"2":{"name":"(anonymous_2)","decl":{"start":{"line":15,"column":45},"end":{"line":15,"column":46}},"loc":{"start":{"line":15,"column":54},"end":{"line":18,"column":9}},"line":15},"3":{"name":"(anonymous_3)","decl":{"start":{"line":19,"column":42},"end":{"line":19,"column":43}},"loc":{"start":{"line":19,"column":54},"end":{"line":21,"column":9}},"line":19},"4":{"name":"(anonymous_4)","decl":{"start":{"line":31,"column":8},"end":{"line":31,"column":9}},"loc":{"start":{"line":31,"column":20},"end":{"line":31,"column":39}},"line":31},"5":{"name":"(anonymous_5)","decl":{"start":{"line":32,"column":9},"end":{"line":32,"column":10}},"loc":{"start":{"line":32,"column":18},"end":{"line":32,"column":34}},"line":32}},"branchMap":{"0":{"loc":{"start":{"line":8,"column":4},"end":{"line":25,"column":5}},"type":"if","locations":[{"start":{"line":8,"column":4},"end":{"line":25,"column":5}},{"start":{"line":8,"column":4},"end":{"line":25,"column":5}}],"line":8},"1":{"loc":{"start":{"line":14,"column":6},"end":{"line":24,"column":7}},"type":"if","locations":[{"start":{"line":14,"column":6},"end":{"line":24,"column":7}},{"start":{"line":14,"column":6},"end":{"line":24,"column":7}}],"line":14},"2":{"loc":{"start":{"line":14,"column":10},"end":{"line":14,"column":44}},"type":"binary-expr","locations":[{"start":{"line":14,"column":10},"end":{"line":14,"column":16}},{"start":{"line":14,"column":20},"end":{"line":14,"column":44}}],"line":14}},"s":{"0":1,"1":1,"2":5,"3":5,"4":5,"5":5,"6":1,"7":4,"8":4,"9":4,"10":2,"11":5,"12":5,"13":2,"14":0,"15":2,"16":5,"17":1,"18":0,"19":0,"20":1},"f":{"0":5,"1":5,"2":5,"3":0,"4":0,"5":0},"b":{"0":[1,4],"1":[2,2],"2":[4,3]},"_coverageSchema":"1a1c01bbd47fc00a2c39e90264f33305004495a9","hash":"b64178d865f2ea1f1c9cea57650ea994934b2899"}
}
