{"D:\\Documentos\\Laboratoria\\Bootcamp\\LIM014-mdlinks\\src\\api.js": {"path":"D:\\Documentos\\Laboratoria\\Bootcamp\\LIM014-mdlinks\\src\\api.js","statementMap":{"0":{"start":{"line":1,"column":13},"end":{"line":1,"column":28}},"1":{"start":{"line":2,"column":11},"end":{"line":2,"column":24}},"2":{"start":{"line":3,"column":14},"end":{"line":3,"column":35}},"3":{"start":{"line":10,"column":21},"end":{"line":10,"column":86}},"4":{"start":{"line":10,"column":33},"end":{"line":10,"column":85}},"5":{"start":{"line":11,"column":18},"end":{"line":11,"column":49}},"6":{"start":{"line":11,"column":29},"end":{"line":11,"column":49}},"7":{"start":{"line":14,"column":16},"end":{"line":14,"column":18}},"8":{"start":{"line":15,"column":19},"end":{"line":32,"column":1}},"9":{"start":{"line":16,"column":18},"end":{"line":16,"column":37}},"10":{"start":{"line":17,"column":19},"end":{"line":17,"column":39}},"11":{"start":{"line":18,"column":19},"end":{"line":18,"column":37}},"12":{"start":{"line":20,"column":2},"end":{"line":30,"column":3}},"13":{"start":{"line":21,"column":20},"end":{"line":21,"column":41}},"14":{"start":{"line":22,"column":4},"end":{"line":27,"column":5}},"15":{"start":{"line":23,"column":6},"end":{"line":26,"column":9}},"16":{"start":{"line":24,"column":27},"end":{"line":24,"column":49}},"17":{"start":{"line":25,"column":8},"end":{"line":25,"column":31}},"18":{"start":{"line":28,"column":9},"end":{"line":30,"column":3}},"19":{"start":{"line":29,"column":4},"end":{"line":29,"column":24}},"20":{"start":{"line":31,"column":2},"end":{"line":31,"column":17}},"21":{"start":{"line":34,"column":13},"end":{"line":34,"column":79}},"22":{"start":{"line":35,"column":17},"end":{"line":35,"column":65}},"23":{"start":{"line":36,"column":17},"end":{"line":36,"column":38}},"24":{"start":{"line":39,"column":19},"end":{"line":58,"column":1}},"25":{"start":{"line":40,"column":19},"end":{"line":40,"column":21}},"26":{"start":{"line":41,"column":2},"end":{"line":56,"column":5}},"27":{"start":{"line":42,"column":21},"end":{"line":42,"column":53}},"28":{"start":{"line":43,"column":18},"end":{"line":43,"column":38}},"29":{"start":{"line":44,"column":4},"end":{"line":55,"column":5}},"30":{"start":{"line":45,"column":6},"end":{"line":54,"column":9}},"31":{"start":{"line":46,"column":23},"end":{"line":46,"column":63}},"32":{"start":{"line":47,"column":23},"end":{"line":47,"column":63}},"33":{"start":{"line":48,"column":25},"end":{"line":52,"column":9}},"34":{"start":{"line":53,"column":8},"end":{"line":53,"column":39}},"35":{"start":{"line":57,"column":2},"end":{"line":57,"column":18}},"36":{"start":{"line":60,"column":18},"end":{"line":80,"column":4}},"37":{"start":{"line":60,"column":27},"end":{"line":80,"column":4}},"38":{"start":{"line":62,"column":21},"end":{"line":62,"column":31}},"39":{"start":{"line":63,"column":22},"end":{"line":63,"column":36}},"40":{"start":{"line":64,"column":19},"end":{"line":68,"column":5}},"41":{"start":{"line":69,"column":4},"end":{"line":69,"column":18}},"42":{"start":{"line":72,"column":21},"end":{"line":72,"column":24}},"43":{"start":{"line":73,"column":22},"end":{"line":73,"column":28}},"44":{"start":{"line":74,"column":19},"end":{"line":78,"column":5}},"45":{"start":{"line":79,"column":4},"end":{"line":79,"column":18}},"46":{"start":{"line":82,"column":0},"end":{"line":88,"column":2}}},"fnMap":{"0":{"name":"(anonymous_0)","decl":{"start":{"line":10,"column":21},"end":{"line":10,"column":22}},"loc":{"start":{"line":10,"column":33},"end":{"line":10,"column":85}},"line":10},"1":{"name":"(anonymous_1)","decl":{"start":{"line":11,"column":18},"end":{"line":11,"column":19}},"loc":{"start":{"line":11,"column":29},"end":{"line":11,"column":49}},"line":11},"2":{"name":"(anonymous_2)","decl":{"start":{"line":15,"column":19},"end":{"line":15,"column":20}},"loc":{"start":{"line":15,"column":30},"end":{"line":32,"column":1}},"line":15},"3":{"name":"(anonymous_3)","decl":{"start":{"line":23,"column":22},"end":{"line":23,"column":23}},"loc":{"start":{"line":23,"column":32},"end":{"line":26,"column":7}},"line":23},"4":{"name":"(anonymous_4)","decl":{"start":{"line":39,"column":19},"end":{"line":39,"column":20}},"loc":{"start":{"line":39,"column":30},"end":{"line":58,"column":1}},"line":39},"5":{"name":"(anonymous_5)","decl":{"start":{"line":41,"column":16},"end":{"line":41,"column":17}},"loc":{"start":{"line":41,"column":28},"end":{"line":56,"column":3}},"line":41},"6":{"name":"(anonymous_6)","decl":{"start":{"line":45,"column":20},"end":{"line":45,"column":21}},"loc":{"start":{"line":45,"column":30},"end":{"line":54,"column":7}},"line":45},"7":{"name":"(anonymous_7)","decl":{"start":{"line":60,"column":18},"end":{"line":60,"column":19}},"loc":{"start":{"line":60,"column":27},"end":{"line":80,"column":4}},"line":60},"8":{"name":"(anonymous_8)","decl":{"start":{"line":61,"column":8},"end":{"line":61,"column":9}},"loc":{"start":{"line":61,"column":17},"end":{"line":70,"column":3}},"line":61},"9":{"name":"(anonymous_9)","decl":{"start":{"line":71,"column":9},"end":{"line":71,"column":10}},"loc":{"start":{"line":71,"column":15},"end":{"line":80,"column":3}},"line":71}},"branchMap":{"0":{"loc":{"start":{"line":10,"column":33},"end":{"line":10,"column":85}},"type":"cond-expr","locations":[{"start":{"line":10,"column":58},"end":{"line":10,"column":63}},{"start":{"line":10,"column":66},"end":{"line":10,"column":85}}],"line":10},"1":{"loc":{"start":{"line":20,"column":2},"end":{"line":30,"column":3}},"type":"if","locations":[{"start":{"line":20,"column":2},"end":{"line":30,"column":3}},{"start":{"line":20,"column":2},"end":{"line":30,"column":3}}],"line":20},"2":{"loc":{"start":{"line":20,"column":6},"end":{"line":20,"column":59}},"type":"binary-expr","locations":[{"start":{"line":20,"column":6},"end":{"line":20,"column":28}},{"start":{"line":20,"column":32},"end":{"line":20,"column":59}}],"line":20},"3":{"loc":{"start":{"line":22,"column":4},"end":{"line":27,"column":5}},"type":"if","locations":[{"start":{"line":22,"column":4},"end":{"line":27,"column":5}},{"start":{"line":22,"column":4},"end":{"line":27,"column":5}}],"line":22},"4":{"loc":{"start":{"line":28,"column":9},"end":{"line":30,"column":3}},"type":"if","locations":[{"start":{"line":28,"column":9},"end":{"line":30,"column":3}},{"start":{"line":28,"column":9},"end":{"line":30,"column":3}}],"line":28},"5":{"loc":{"start":{"line":44,"column":4},"end":{"line":55,"column":5}},"type":"if","locations":[{"start":{"line":44,"column":4},"end":{"line":55,"column":5}},{"start":{"line":44,"column":4},"end":{"line":55,"column":5}}],"line":44}},"s":{"0":2,"1":2,"2":2,"3":2,"4":6,"5":2,"6":5,"7":2,"8":2,"9":1429,"10":1429,"11":1429,"12":1429,"13":534,"14":534,"15":528,"16":1425,"17":1425,"18":895,"19":4,"20":1429,"21":2,"22":2,"23":2,"24":2,"25":5,"26":5,"27":8,"28":8,"29":8,"30":7,"31":14,"32":14,"33":14,"34":14,"35":5,"36":2,"37":8,"38":1,"39":1,"40":1,"41":1,"42":1,"43":1,"44":1,"45":1,"46":2},"f":{"0":6,"1":5,"2":1429,"3":1425,"4":5,"5":8,"6":14,"7":8,"8":1,"9":1},"b":{"0":[1,5],"1":[534,895],"2":[1429,537],"3":[528,6],"4":[4,891],"5":[7,1]},"_coverageSchema":"1a1c01bbd47fc00a2c39e90264f33305004495a9","hash":"382a1a4486974bca652944b0d094710810645eec"}
,"D:\\Documentos\\Laboratoria\\Bootcamp\\LIM014-mdlinks\\src\\index.js": {"path":"D:\\Documentos\\Laboratoria\\Bootcamp\\LIM014-mdlinks\\src\\index.js","statementMap":{"0":{"start":{"line":1,"column":12},"end":{"line":1,"column":28}},"1":{"start":{"line":3,"column":16},"end":{"line":27,"column":1}},"2":{"start":{"line":4,"column":18},"end":{"line":4,"column":40}},"3":{"start":{"line":5,"column":22},"end":{"line":5,"column":44}},"4":{"start":{"line":6,"column":18},"end":{"line":25,"column":4}},"5":{"start":{"line":7,"column":4},"end":{"line":24,"column":5}},"6":{"start":{"line":9,"column":6},"end":{"line":9,"column":61}},"7":{"start":{"line":11,"column":23},"end":{"line":11,"column":46}},"8":{"start":{"line":12,"column":23},"end":{"line":12,"column":47}},"9":{"start":{"line":13,"column":6},"end":{"line":23,"column":7}},"10":{"start":{"line":14,"column":32},"end":{"line":17,"column":10}},"11":{"start":{"line":15,"column":29},"end":{"line":15,"column":47}},"12":{"start":{"line":16,"column":10},"end":{"line":16,"column":28}},"13":{"start":{"line":18,"column":8},"end":{"line":20,"column":11}},"14":{"start":{"line":19,"column":10},"end":{"line":19,"column":30}},"15":{"start":{"line":22,"column":8},"end":{"line":22,"column":26}},"16":{"start":{"line":26,"column":2},"end":{"line":26,"column":17}},"17":{"start":{"line":33,"column":0},"end":{"line":33,"column":25}}},"fnMap":{"0":{"name":"(anonymous_0)","decl":{"start":{"line":3,"column":16},"end":{"line":3,"column":17}},"loc":{"start":{"line":3,"column":34},"end":{"line":27,"column":1}},"line":3},"1":{"name":"(anonymous_1)","decl":{"start":{"line":6,"column":30},"end":{"line":6,"column":31}},"loc":{"start":{"line":6,"column":51},"end":{"line":25,"column":3}},"line":6},"2":{"name":"(anonymous_2)","decl":{"start":{"line":14,"column":45},"end":{"line":14,"column":46}},"loc":{"start":{"line":14,"column":54},"end":{"line":17,"column":9}},"line":14},"3":{"name":"(anonymous_3)","decl":{"start":{"line":18,"column":42},"end":{"line":18,"column":43}},"loc":{"start":{"line":18,"column":54},"end":{"line":20,"column":9}},"line":18}},"branchMap":{"0":{"loc":{"start":{"line":7,"column":4},"end":{"line":24,"column":5}},"type":"if","locations":[{"start":{"line":7,"column":4},"end":{"line":24,"column":5}},{"start":{"line":7,"column":4},"end":{"line":24,"column":5}}],"line":7},"1":{"loc":{"start":{"line":13,"column":6},"end":{"line":23,"column":7}},"type":"if","locations":[{"start":{"line":13,"column":6},"end":{"line":23,"column":7}},{"start":{"line":13,"column":6},"end":{"line":23,"column":7}}],"line":13},"2":{"loc":{"start":{"line":13,"column":10},"end":{"line":13,"column":44}},"type":"binary-expr","locations":[{"start":{"line":13,"column":10},"end":{"line":13,"column":16}},{"start":{"line":13,"column":20},"end":{"line":13,"column":44}}],"line":13}},"s":{"0":1,"1":1,"2":4,"3":4,"4":4,"5":4,"6":1,"7":3,"8":3,"9":3,"10":1,"11":6,"12":6,"13":1,"14":0,"15":2,"16":4,"17":1},"f":{"0":4,"1":4,"2":6,"3":0},"b":{"0":[1,3],"1":[1,2],"2":[3,2]},"_coverageSchema":"1a1c01bbd47fc00a2c39e90264f33305004495a9","hash":"26842a7617e0292e8f277c7d78089c40e224dc7b"}
}
