TN:
SF:src\api.js
FN:10,(anonymous_0)
FN:11,(anonymous_1)
FN:15,(anonymous_2)
FN:23,(anonymous_3)
FN:39,(anonymous_4)
FN:41,(anonymous_5)
FN:45,(anonymous_6)
FN:60,(anonymous_7)
FN:61,(anonymous_8)
FN:71,(anonymous_9)
FNF:10
FNH:10
FNDA:6,(anonymous_0)
FNDA:5,(anonymous_1)
FNDA:1354,(anonymous_2)
FNDA:1350,(anonymous_3)
FNDA:5,(anonymous_4)
FNDA:8,(anonymous_5)
FNDA:14,(anonymous_6)
FNDA:8,(anonymous_7)
FNDA:1,(anonymous_8)
FNDA:1,(anonymous_9)
DA:1,2
DA:2,2
DA:3,2
DA:10,6
DA:11,5
DA:14,2
DA:15,2
DA:16,1354
DA:17,1354
DA:18,1354
DA:20,1354
DA:21,513
DA:22,513
DA:23,507
DA:24,1350
DA:25,1350
DA:28,841
DA:29,4
DA:31,1354
DA:34,2
DA:35,2
DA:36,2
DA:39,2
DA:40,5
DA:41,5
DA:42,8
DA:43,8
DA:44,8
DA:45,7
DA:46,14
DA:47,14
DA:48,14
DA:53,14
DA:57,5
DA:60,8
DA:62,1
DA:63,1
DA:64,1
DA:69,1
DA:72,1
DA:73,1
DA:74,1
DA:79,1
DA:82,2
LF:44
LH:44
BRDA:10,0,0,1
BRDA:10,0,1,5
BRDA:20,1,0,513
BRDA:20,1,1,841
BRDA:20,2,0,1354
BRDA:20,2,1,516
BRDA:22,3,0,507
BRDA:22,3,1,6
BRDA:28,4,0,4
BRDA:28,4,1,837
BRDA:44,5,0,7
BRDA:44,5,1,1
BRF:12
BRH:12
end_of_record
TN:
SF:src\index.js
FN:3,(anonymous_0)
FN:6,(anonymous_1)
FN:14,(anonymous_2)
FN:18,(anonymous_3)
FNF:4
FNH:3
FNDA:4,(anonymous_0)
FNDA:4,(anonymous_1)
FNDA:6,(anonymous_2)
FNDA:0,(anonymous_3)
DA:1,1
DA:3,1
DA:4,4
DA:5,4
DA:6,4
DA:7,4
DA:9,1
DA:11,3
DA:12,3
DA:13,3
DA:14,1
DA:15,6
DA:16,6
DA:18,1
DA:19,0
DA:22,2
DA:26,4
DA:33,1
LF:18
LH:17
BRDA:7,0,0,1
BRDA:7,0,1,3
BRDA:13,1,0,1
BRDA:13,1,1,2
BRDA:13,2,0,3
BRDA:13,2,1,2
BRF:6
BRH:6
end_of_record
