TN:
SF:src\api.js
FN:7,(anonymous_0)
FN:8,(anonymous_1)
FN:11,(anonymous_2)
FN:18,(anonymous_3)
FN:36,(anonymous_4)
FN:38,(anonymous_5)
FN:42,(anonymous_6)
FN:57,(anonymous_7)
FN:58,(anonymous_8)
FN:68,(anonymous_9)
FNF:10
FNH:10
FNDA:7,(anonymous_0)
FNDA:6,(anonymous_1)
FNDA:39721,(anonymous_2)
FNDA:39716,(anonymous_3)
FNDA:5,(anonymous_4)
FNDA:2004,(anonymous_5)
FNDA:10595,(anonymous_6)
FNDA:8,(anonymous_7)
FNDA:2,(anonymous_8)
FNDA:1,(anonymous_9)
DA:1,3
DA:2,3
DA:4,3
DA:7,7
DA:8,6
DA:11,3
DA:12,39721
DA:13,39721
DA:15,39721
DA:16,5627
DA:17,5627
DA:18,5621
DA:19,39716
DA:20,39716
DA:23,34094
DA:24,3002
DA:26,34100
DA:31,3
DA:32,3
DA:33,3
DA:36,3
DA:37,5
DA:38,5
DA:39,2004
DA:40,2004
DA:41,2004
DA:42,1404
DA:43,10595
DA:44,10595
DA:45,10595
DA:50,10595
DA:54,5
DA:57,8
DA:59,2
DA:60,2
DA:61,2
DA:66,2
DA:69,1
DA:70,1
DA:71,1
DA:76,1
DA:79,3
LF:42
LH:42
BRDA:7,0,0,1
BRDA:7,0,1,6
BRDA:15,1,0,5627
BRDA:15,1,1,34094
BRDA:17,2,0,5621
BRDA:17,2,1,6
BRDA:23,3,0,3002
BRDA:23,3,1,31092
BRDA:41,4,0,1404
BRDA:41,4,1,600
BRDA:60,5,0,1
BRDA:60,5,1,1
BRF:12
BRH:12
end_of_record
TN:
SF:src\index.js
FN:3,(anonymous_0)
FN:7,(anonymous_1)
FN:15,(anonymous_2)
FN:19,(anonymous_3)
FN:31,(anonymous_4)
FN:32,(anonymous_5)
FNF:6
FNH:3
FNDA:5,(anonymous_0)
FNDA:5,(anonymous_1)
FNDA:5,(anonymous_2)
FNDA:0,(anonymous_3)
FNDA:0,(anonymous_4)
FNDA:0,(anonymous_5)
DA:1,1
DA:3,1
DA:4,5
DA:5,5
DA:7,5
DA:8,5
DA:10,1
DA:12,4
DA:13,4
DA:14,4
DA:15,2
DA:16,5
DA:17,5
DA:19,2
DA:20,0
DA:23,2
DA:27,5
DA:30,1
DA:31,0
DA:32,0
DA:34,1
LF:21
LH:18
BRDA:8,0,0,1
BRDA:8,0,1,4
BRDA:14,1,0,2
BRDA:14,1,1,2
BRDA:14,2,0,4
BRDA:14,2,1,3
BRF:6
BRH:6
end_of_record
